<?xml version="1.0" encoding="UTF-8"?>
<!-- Generated by org.testng.reporters.JUnitReportReporter -->
<testsuite hostname="DESKTOP-0KDP1L5" name="com.clc.util.ATest" tests="1" failures="0" timestamp="8 Mar 2019 11:14:45 GMT" time="0.031" errors="0">
  <testcase name="m7" time="0.031" classname="com.clc.util.ATest"/>
</testsuite> <!-- com.clc.util.ATest -->
