<?xml version="1.0" encoding="UTF-8"?>
<!-- Generated by org.testng.reporters.JUnitReportReporter -->
<testsuite hostname="DESKTOP-0KDP1L5" name="com.clc.util.BTest" tests="6" failures="0" timestamp="8 Mar 2019 11:22:16 GMT" time="0.006" errors="0">
  <testcase name="b5" time="0.001" classname="com.clc.util.BTest"/>
  <testcase name="b1" time="0.001" classname="com.clc.util.BTest"/>
  <testcase name="b6" time="0.000" classname="com.clc.util.BTest"/>
  <testcase name="b3" time="0.003" classname="com.clc.util.BTest"/>
  <testcase name="b2" time="0.001" classname="com.clc.util.BTest"/>
  <testcase name="b4" time="0.000" classname="com.clc.util.BTest"/>
</testsuite> <!-- com.clc.util.BTest -->
